admin/teams_overview.050
admin/teams_overview.051
analytics/index.015
analytics/index.016
analytics/index.017
analytics/index.018
analytics/index.019
analytics/index.020
applications/index.027
applications/index.028
applications/index.029
applications/index.030
applications/index.031
applications/index.032
applications/pending.006
applications/pending.007
auth/profile.015
auth/profile.016
auth/profile.017
dashboard/municipality.040
dashboard/municipality.041
dashboard/municipality.042
dashboard/municipality.043
dashboard/municipality.044
dashboard/municipality.045
dashboard/municipality.046
dashboard/municipality.047
dashboard/municipality.048
dashboard/municipality.049
dashboard/municipality.050
dashboard/municipality.051
dashboard/municipality.052
dashboard/municipality.053
dashboard/municipality.054
dashboard/municipality.055
dashboard/municipality.056
dashboard/notifications.007
dashboard/notifications.008
dashboard/team.032
dashboard/team.033
dashboard/team.034
events/active.015
events/active.016
events/calendar.011
events/calendar.012
events/calendar.013
events/closed.010
events/closed.011
events/completed.012
events/completed.013
events/debriefs.027
events/debriefs.028
events/drafts.010
events/drafts.011
events/form.031
events/form.032
events/form.033
events/index.020
events/index.021
events/index.022
events/index.023
events/reconcile.035
events/reconcile.036
events/reconcile.037
events/reconcile.038
events/reconcile.039
events/reconcile.040
events/reconcile.041
events/show.055
events/show.056
events/story.100
events/story.101
events/story.102
events/story.103
events/story.104
events/story.105
events/story.106
events/story.107
events/story.108
events/story.109
events/story.110
events/story.111
events/story.112
events/story.113
events/story.114
events/story.115
field/hub.051
fire_service/index.029
fire_service/mobilize_review.029
fire_service/mobilize_review.030
layouts/header.009
mobilizations/form.021
mobilizations/form.022
mobilizations/form.023
mobilizations/form.024
mobilizations/respond.019
mobilizations/show.019
mobilizations/show.020
municipalities/show.032
municipalities/show.033
operations/index.025
operations/index.026
operations/index.027
operations/index.028
operations/index.029
operations/index.030
operations/index.031
reports/index.031
reports/index.032
reports/index.033
reports/index.034
reports/index.035
reports/pdf_annual.029
reports/pdf_annual.030
reports/pdf_annual.031
reports/pdf_annual.032
reports/pdf_annual.033
reports/pdf_annual.034
reports/pdf_annual.035
reports/pdf_annual.036
reports/pdf_annual.037
reports/pdf_awards.018
reports/pdf_awards.019
reports/pdf_awards.020
reports/pdf_awards.021
reports/pdf_certificate.014
reports/pdf_coverage.031
reports/pdf_coverage.032
reports/pdf_coverage.033
settings/municipality.214
settings/municipality.215
settings/municipality.216
settings/municipality.217
settings/municipality.218
settings/municipality.219
settings/municipality.220
settings/municipality.221
settings/municipality.222
settings/municipality.223
settings/municipality.224
settings/municipality.225
statistics/_overview.018
statistics/_overview.019
statistics/_team_stats.017
statistics/_team_stats.018
statistics/_team_stats.019
team/debrief.019
team/events.014
team/events.015
team/events.016
team/events.017
team/events.018
team/events.019
team/events.020
team/live.063
team/live.064
team/live.065
team/live.066
team/live.067
team/member_certificate.017
team/member_certificate.018
team/member_certificate.019
team/member_certificate.020
team/members/form.012
team/members/index.022
team/operations.058
team/operations.059
team/operations.060
team/operations.061
team/operations.062
team/operations.063
team/operations.064
team/operations.065
team/qr-checkin.012
team/qr-checkin.013
team/qr-checkin.014
teams/index.017
teams/index.018
